<?xml version="1.0" encoding="UTF-8"?>
<testng-results skipped="0" failed="0" ignored="0" total="1" passed="1">
  <reporter-output>
  </reporter-output>
  <suite name="Default suite" duration-ms="11421" started-at="2022-03-28T15:16:01 IST" finished-at="2022-03-28T15:16:12 IST">
    <groups>
    </groups>
    <test name="Default test" duration-ms="11421" started-at="2022-03-28T15:16:01 IST" finished-at="2022-03-28T15:16:12 IST">
      <class name="com.crm.Vtiger.LoginTest">
        <test-method status="PASS" signature="getdata()[pri:0, instance:com.crm.Vtiger.LoginTest@5ed828d]" name="getdata" duration-ms="11355" started-at="2022-03-28T15:16:01 IST" finished-at="2022-03-28T15:16:12 IST">
          <reporter-output>
          </reporter-output>
        </test-method> <!-- getdata -->
      </class> <!-- com.crm.Vtiger.LoginTest -->
    </test> <!-- Default test -->
  </suite> <!-- Default suite -->
</testng-results>
